SF:lib/bin_reader.dart
DA:11,2
DA:16,4
DA:17,1
DA:21,4
DA:22,2
DA:25,4
DA:28,2
DA:29,1
DA:33,2
DA:36,4
DA:37,6
DA:42,10
DA:43,2
DA:45,6
DA:46,1
DA:50,6
DA:51,2
DA:53,6
DA:54,1
DA:58,10
DA:59,2
DA:61,6
DA:62,1
DA:66,3
DA:67,1
DA:69,2
DA:72,1
DA:78,1
DA:79,2
DA:80,2
DA:81,1
DA:85,2
DA:86,2
DA:87,2
DA:89,4
DA:90,8
DA:97,2
DA:98,2
DA:100,4
DA:101,8
DA:104,2
DA:108,2
DA:109,8
DA:113,2
DA:114,4
DA:115,6
DA:119,2
DA:120,2
DA:122,4
DA:123,6
DA:134,2
DA:135,2
DA:136,4
DA:137,1
DA:140,4
DA:141,4
DA:142,4
DA:145,2
DA:148,8
DA:149,2
DA:150,4
DA:153,4
DA:154,4
DA:155,2
DA:156,4
DA:158,2
DA:162,2
DA:164,2
DA:168,1
DA:169,1
LF:70
LH:70
end_of_record
SF:lib/kveil.dart
DA:13,1
DA:20,1
DA:24,2
DA:27,1
DA:28,1
DA:31,1
DA:32,2
DA:33,1
DA:34,1
DA:35,3
DA:40,4
DA:41,1
DA:42,1
DA:45,4
DA:46,3
DA:47,1
DA:48,1
DA:49,1
DA:62,1
DA:63,1
DA:65,2
DA:66,2
DA:69,2
DA:73,1
DA:74,1
DA:75,3
DA:81,1
DA:82,1
DA:84,5
DA:85,1
DA:86,3
DA:92,1
DA:94,1
DA:96,1
DA:101,1
DA:102,1
LF:36
LH:36
end_of_record
